<?xml version="1.0" encoding="utf-8"?><testsuites name="pytest tests"><testsuite name="pytest" errors="0" failures="0" skipped="0" tests="604" time="15.990" timestamp="2026-05-03T12:57:52.834807+09:00" hostname="PRESSO-2.local"><testcase classname="tests.app.async_job.test_async_job_worker" name="test_enqueue_returns_existing_active_job_when_dedupe_key_matches" time="0.005" /><testcase classname="tests.app.async_job.test_async_job_worker" name="test_enqueue_dedupes_active_jobs_when_requests_race" time="0.001" /><testcase classname="tests.app.async_job.test_async_job_worker" name="test_run_next_queued_job_completes_material_ingest_job" time="0.001" /><testcase classname="tests.app.async_job.test_async_job_worker" name="test_run_next_queued_job_marks_material_ingest_job_failed" time="0.001" /><testcase classname="tests.app.async_job.test_async_job_worker" name="test_run_next_queued_job_preserves_material_ingest_error_message" time="0.001" /><testcase classname="tests.app.async_job.test_async_job_worker" name="test_build_material_ingest_request_allows_public_https_link" time="0.000" /><testcase classname="tests.app.async_job.test_async_job_worker" name="test_run_next_queued_job_fails_link_ingest_for_blocked_source_url[file:///etc/passwd]" time="0.001" /><testcase classname="tests.app.async_job.test_async_job_worker" name="test_run_next_queued_job_fails_link_ingest_for_blocked_source_url[gopher://internal.service]" time="0.001" /><testcase classname="tests.app.async_job.test_async_job_worker" name="test_run_next_queued_job_persists_material_before_external_call" time="0.001" /><testcase classname="tests.app.async_job.test_async_job_worker" name="test_run_next_queued_job_fails_material_on_file_error" time="0.001" /><testcase classname="tests.app.async_job.test_async_job_worker" name="test_run_next_queued_job_completes_exam_generation_job" time="0.001" /><testcase classname="tests.app.async_job.test_async_job_worker" name="test_run_next_queued_job_marks_exam_generation_job_failed" time="0.001" /><testcase classname="tests.app.async_job.test_async_job_worker" name="test_run_next_queued_job_sanitizes_long_generation_errors" time="0.001" /><testcase classname="tests.app.async_job.test_async_job_worker" name="test_run_next_queued_job_sanitizes_generation_errors" time="0.001" /><testcase classname="tests.app.async_job.test_async_job_worker" name="test_run_next_queued_job_persists_exam_running_before_generation" time="0.001" /><testcase classname="tests.app.async_job.test_async_job_worker" name="test_run_next_queued_job_completes_exam_result_evaluation_job" time="0.001" /><testcase classname="tests.app.async_job.test_async_job_worker" name="test_run_next_queued_job_skips_evaluation_when_result_completed" time="0.001" /><testcase classname="tests.app.async_job.test_async_job_worker" name="test_run_next_queued_job_skips_save_after_result_completes" time="0.001" /><testcase classname="tests.app.async_job.test_async_job_worker" name="test_run_next_queued_job_uses_payload_student_id_on_reload" time="0.001" /><testcase classname="tests.app.async_job.test_async_job_worker" name="test_run_next_queued_job_computes_weighted_exam_result_score" time="0.001" /><testcase classname="tests.app.async_job.test_async_job_worker" name="test_run_next_queued_job_fails_evaluation_for_missing_scores" time="0.001" /><testcase classname="tests.app.async_job.test_async_job_worker" name="test_run_next_queued_job_scores_multiple_choice_full_credit" time="0.001" /><testcase classname="tests.app.async_job.test_async_job_worker" name="test_run_next_queued_job_scores_subjective_full_credit" time="0.001" /><testcase classname="tests.app.async_job.test_async_job_worker" name="test_run_next_queued_job_scores_subjective_without_llm" time="0.001" /><testcase classname="tests.app.async_job.test_async_job_worker" name="test_run_next_queued_job_keeps_objective_only_criteria" time="0.001" /><testcase classname="tests.app.async_job.test_async_job_worker" name="test_run_next_queued_job_scores_zero_without_objective_metadata" time="0.001" /><testcase classname="tests.app.async_job.test_async_job_worker" name="test_run_next_queued_job_scores_wrong_objective_without_llm" time="0.001" /><testcase classname="tests.app.async_job.test_async_job_worker" name="test_run_next_queued_job_combines_objective_and_oral_scores" time="0.001" /><testcase classname="tests.app.async_job.test_async_job_worker" name="test_run_next_queued_job_fails_evaluation_for_invalid_payload" time="0.001" /><testcase classname="tests.app.async_job.test_async_job_worker" name="test_run_next_queued_job_fails_evaluation_when_port_errors" time="0.002" /><testcase classname="tests.app.auth.adapter.input.test_auth_api" name="test_login_sets_auth_cookies" time="0.075" /><testcase classname="tests.app.auth.adapter.input.test_auth_api" name="test_login_invalid_credentials_returns_401" time="0.073" /><testcase classname="tests.app.auth.adapter.input.test_auth_api" name="test_login_sets_auth_cookies_for_test_bypass_ids" time="0.075" /><testcase classname="tests.app.auth.adapter.input.test_auth_api" name="test_login_provider_not_configured_returns_503" time="0.074" /><testcase classname="tests.app.auth.adapter.input.test_auth_api" name="test_login_provider_unavailable_returns_503" time="0.073" /><testcase classname="tests.app.auth.adapter.input.test_auth_api" name="test_refresh_rotates_auth_cookies" time="0.075" /><testcase classname="tests.app.auth.adapter.input.test_auth_api" name="test_refresh_without_cookie_returns_401" time="0.077" /><testcase classname="tests.app.auth.adapter.input.test_auth_api" name="test_logout_clears_auth_cookies" time="0.073" /><testcase classname="tests.app.auth.adapter.input.test_auth_api" name="test_refresh_invalid_token_returns_401" time="0.156" /><testcase classname="tests.app.auth.adapter.output.persistence.test_auth_token_repository" name="test_save_stores_refresh_token_with_expiry" time="0.001" /><testcase classname="tests.app.auth.adapter.output.persistence.test_auth_token_repository" name="test_get_returns_decoded_token_when_client_returns_bytes" time="0.000" /><testcase classname="tests.app.auth.adapter.output.persistence.test_auth_token_repository" name="test_delete_removes_refresh_token" time="0.000" /><testcase classname="tests.app.auth.application.test_auth_service" name="test_login_success_creates_user_and_stores_tokens" time="0.001" /><testcase classname="tests.app.auth.application.test_auth_service" name="test_login_updates_existing_user_role" time="0.001" /><testcase classname="tests.app.auth.application.test_auth_service" name="test_login_bypasses_provider_for_test_professor_id" time="0.000" /><testcase classname="tests.app.auth.application.test_auth_service" name="test_login_bypasses_provider_for_test_student_id" time="0.000" /><testcase classname="tests.app.auth.application.test_auth_service" name="test_login_invalid_organization_raises" time="0.000" /><testcase classname="tests.app.auth.application.test_auth_service" name="test_login_invalid_credentials_does_not_create_user" time="0.000" /><testcase classname="tests.app.auth.application.test_auth_service" name="test_login_unexpected_provider_error_raises_invalid_credentials" time="0.000" /><testcase classname="tests.app.auth.application.test_auth_service" name="test_login_rejects_deleted_existing_user" time="0.001" /><testcase classname="tests.app.auth.application.test_auth_service" name="test_login_rejects_blocked_existing_user" time="0.000" /><testcase classname="tests.app.auth.application.test_auth_service" name="test_login_identity_provider_not_configured_bubbles_up" time="0.000" /><testcase classname="tests.app.auth.application.test_auth_service" name="test_login_identity_provider_unavailable_bubbles_up" time="0.000" /><testcase classname="tests.app.auth.application.test_auth_service" name="test_refresh_rotates_refresh_token" time="0.001" /><testcase classname="tests.app.auth.application.test_auth_service" name="test_refresh_with_unknown_token_raises" time="0.000" /><testcase classname="tests.app.auth.application.test_auth_service" name="test_refresh_with_access_token_raises" time="0.000" /><testcase classname="tests.app.auth.application.test_auth_service" name="test_refresh_raises_when_organization_is_missing" time="0.000" /><testcase classname="tests.app.auth.application.test_auth_service" name="test_logout_deletes_refresh_token" time="0.001" /><testcase classname="tests.app.auth.application.test_auth_service" name="test_logout_ignores_malformed_refresh_token" time="0.000" /><testcase classname="tests.app.auth.domain.test_auth_tokens" name="test_auth_tokens_issue_creates_refresh_claims_and_metadata" time="0.000" /><testcase classname="tests.app.auth.domain.test_auth_tokens" name="test_auth_tokens_decode_refresh_token_rejects_access_token" time="0.000" /><testcase classname="tests.app.classroom.adapter.input.test_classroom_api" name="test_list_classrooms_returns_only_accessible_classrooms" time="0.076" /><testcase classname="tests.app.classroom.adapter.input.test_classroom_api" name="test_list_classrooms_requires_login" time="0.073" /><testcase classname="tests.app.classroom.adapter.input.test_classroom_api" name="test_create_classroom_returns_200_for_professor" time="0.075" /><testcase classname="tests.app.classroom.adapter.input.test_classroom_api" name="test_create_classroom_returns_403_for_student" time="0.079" /><testcase classname="tests.app.classroom.adapter.input.test_classroom_api" name="test_get_classroom_returns_403_for_other_organization" time="0.082" /><testcase classname="tests.app.classroom.adapter.input.test_classroom_api" name="test_update_classroom_returns_200_for_professor_member" time="0.076" /><testcase classname="tests.app.classroom.adapter.input.test_classroom_api" name="test_update_classroom_returns_403_for_non_member_professor" time="0.077" /><testcase classname="tests.app.classroom.adapter.input.test_classroom_api" name="test_invite_classroom_students_returns_200" time="0.074" /><testcase classname="tests.app.classroom.adapter.input.test_classroom_api" name="test_invite_classroom_students_returns_409_for_duplicate" time="0.162" /><testcase classname="tests.app.classroom.adapter.input.test_classroom_api" name="test_remove_classroom_student_returns_200" time="0.072" /><testcase classname="tests.app.classroom.adapter.input.test_classroom_api" name="test_remove_classroom_student_returns_404_for_missing_membership" time="0.074" /><testcase classname="tests.app.classroom.adapter.input.test_classroom_api" name="test_delete_classroom_returns_200_for_admin" time="0.073" /><testcase classname="tests.app.classroom.adapter.input.test_classroom_api" name="test_create_classroom_duplicate_returns_409" time="0.076" /><testcase classname="tests.app.classroom.adapter.input.test_classroom_api" name="test_get_classroom_not_found_returns_404" time="0.072" /><testcase classname="tests.app.classroom.adapter.input.test_classroom_api" name="test_create_classroom_invalid_input_returns_422" time="0.073" /><testcase classname="tests.app.classroom.adapter.input.test_classroom_api" name="test_invite_classroom_students_invalid_input_returns_422" time="0.074" /><testcase classname="tests.app.classroom.adapter.input.test_classroom_api" name="test_update_classroom_empty_patch_returns_422" time="0.072" /><testcase classname="tests.app.classroom.adapter.input.test_classroom_api" name="test_list_classroom_materials_returns_200" time="0.075" /><testcase classname="tests.app.classroom.adapter.input.test_classroom_api" name="test_get_classroom_material_not_found_returns_404" time="0.166" /><testcase classname="tests.app.classroom.adapter.input.test_classroom_material_api" name="test_create_classroom_material_returns_200_for_professor" time="0.077" /><testcase classname="tests.app.classroom.adapter.input.test_classroom_material_api" name="test_create_classroom_material_accepts_link_payload_without_uploaded_file" time="0.073" /><testcase classname="tests.app.classroom.adapter.input.test_classroom_material_api" name="test_create_classroom_material_returns_403_for_student" time="0.073" /><testcase classname="tests.app.classroom.adapter.input.test_classroom_material_api" name="test_list_classroom_materials_returns_200_for_student" time="0.074" /><testcase classname="tests.app.classroom.adapter.input.test_classroom_material_api" name="test_list_classroom_materials_includes_failed_ingest_error" time="0.074" /><testcase classname="tests.app.classroom.adapter.input.test_classroom_material_api" name="test_get_classroom_material_includes_failed_ingest_error" time="0.073" /><testcase classname="tests.app.classroom.adapter.input.test_classroom_material_api" name="test_get_classroom_material_returns_403_when_forbidden" time="0.074" /><testcase classname="tests.app.classroom.adapter.input.test_classroom_material_api" name="test_update_classroom_material_returns_200_for_professor" time="0.074" /><testcase classname="tests.app.classroom.adapter.input.test_classroom_material_api" name="test_reingest_classroom_material_returns_200_for_professor" time="0.153" /><testcase classname="tests.app.classroom.adapter.input.test_classroom_material_api" name="test_reingest_classroom_material_returns_403_for_student" time="0.072" /><testcase classname="tests.app.classroom.adapter.input.test_classroom_material_api" name="test_delete_classroom_material_returns_200_for_professor" time="0.073" /><testcase classname="tests.app.classroom.adapter.input.test_classroom_material_api" name="test_get_classroom_material_not_found_returns_404" time="0.075" /><testcase classname="tests.app.classroom.adapter.input.test_classroom_material_api" name="test_create_classroom_material_invalid_payload_returns_422" time="0.074" /><testcase classname="tests.app.classroom.adapter.input.test_classroom_material_api" name="test_create_classroom_material_allows_blank_description" time="0.072" /><testcase classname="tests.app.classroom.adapter.input.test_classroom_material_api" name="test_update_classroom_material_empty_patch_returns_422" time="0.073" /><testcase classname="tests.app.classroom.adapter.input.test_classroom_material_api" name="test_update_classroom_material_rejects_uploaded_file_without_source_kind" time="0.074" /><testcase classname="tests.app.classroom.adapter.input.test_classroom_material_api" name="test_download_classroom_material_returns_stream_response" time="0.074" /><testcase classname="tests.app.classroom.adapter.output.persistence.test_classroom_material_repository" name="test_classroom_material_table_uses_non_native_enum_values" time="0.000" /><testcase classname="tests.app.classroom.adapter.output.persistence.test_classroom_repository" name="test_save_and_get_classroom" time="0.178" /><testcase classname="tests.app.classroom.adapter.output.persistence.test_classroom_repository" name="test_list_by_organization_returns_only_matching_classrooms" time="0.128" /><testcase classname="tests.app.classroom.adapter.output.persistence.test_classroom_repository" name="test_get_by_organization_and_name_and_term_returns_match" time="0.128" /><testcase classname="tests.app.classroom.adapter.output.test_llm_material_ingest" name="test_classroom_material_ingest_result_defaults_generated_description_none" time="0.000" /><testcase classname="tests.app.classroom.adapter.output.test_llm_material_ingest" name="test_build_material_description_user_prompt_includes_metadata_and_text" time="0.000" /><testcase classname="tests.app.classroom.adapter.output.test_llm_material_ingest" name="test_material_description_system_prompt_constrains_safe_korean_plain_text" time="0.000" /><testcase classname="tests.app.classroom.adapter.output.test_llm_material_ingest" name="test_media_transcript_extractor_runs_ffmpeg_and_openai" time="0.001" /><testcase classname="tests.app.classroom.adapter.output.test_llm_material_ingest" name="test_media_transcript_extractor_converts_dict_segments" time="0.001" /><testcase classname="tests.app.classroom.adapter.output.test_llm_material_ingest" name="test_media_transcript_extractor_falls_back_to_text_when_no_segments" time="0.001" /><testcase classname="tests.app.classroom.adapter.output.test_llm_material_ingest" name="test_media_transcript_extractor_returns_empty_for_blank_transcription" time="0.001" /><testcase classname="tests.app.classroom.adapter.output.test_llm_material_ingest" name="test_media_transcript_extractor_rejects_oversized_audio_file" time="0.000" /><testcase classname="tests.app.classroom.adapter.output.test_llm_material_ingest" name="test_media_transcript_extractor_wraps_ffmpeg_output_failures[1-wav-audio]" time="0.000" /><testcase classname="tests.app.classroom.adapter.output.test_llm_material_ingest" name="test_media_transcript_extractor_wraps_ffmpeg_output_failures[0-]" time="0.000" /><testcase classname="tests.app.classroom.adapter.output.test_llm_material_ingest" name="test_media_transcript_extractor_wraps_ffmpeg_runtime_errors[raised_error0-\ubbf8\ub514\uc5b4 \uc624\ub514\uc624 \ucd94\ucd9c \uc2dc\uac04\uc774 \ucd08\uacfc\ub418\uc5c8\uc2b5\ub2c8\ub2e4.]" time="0.000" /><testcase classname="tests.app.classroom.adapter.output.test_llm_material_ingest" name="test_media_transcript_extractor_wraps_ffmpeg_runtime_errors[raised_error1-\ubbf8\ub514\uc5b4 \uc624\ub514\uc624 \ucd94\ucd9c \ub3c4\uad6c\ub97c \uc2e4\ud589\ud558\uc9c0 \ubabb\ud588\uc2b5\ub2c8\ub2e4.]" time="0.000" /><testcase classname="tests.app.classroom.adapter.output.test_llm_material_ingest" name="test_ingest_material_extracts_scope_candidates_and_upserts_chunks" time="0.003" /><testcase classname="tests.app.classroom.adapter.output.test_llm_material_ingest" name="test_ingest_material_runs_qdrant_operations_off_event_loop" time="0.001" /><testcase classname="tests.app.classroom.adapter.output.test_llm_material_ingest" name="test_ingest_material_raises_when_openai_key_missing" time="0.000" /><testcase classname="tests.app.classroom.adapter.output.test_llm_material_ingest" name="test_ingest_material_raises_when_pdf_has_no_extractable_text" time="0.001" /><testcase classname="tests.app.classroom.adapter.output.test_llm_material_ingest" name="test_ingest_material_preserves_extractor_domain_exception_message" time="0.001" /><testcase classname="tests.app.classroom.adapter.output.test_llm_material_ingest" name="test_ingest_material_converts_unknown_extractor_exception_to_generic" time="0.001" /><testcase classname="tests.app.classroom.adapter.output.test_llm_material_ingest" name="test_ingest_material_raises_when_scope_candidates_response_invalid" time="0.001" /><testcase classname="tests.app.classroom.adapter.output.test_llm_material_ingest" name="test_ingest_material_preserves_original_pdf_page_numbers" time="0.001" /><testcase classname="tests.app.classroom.adapter.output.test_llm_material_ingest" name="test_ingest_material_does_not_block_event_loop_for_pdf_extractor" time="0.061" /><testcase classname="tests.app.classroom.adapter.output.test_llm_material_ingest" name="test_ingest_material_does_not_block_event_loop_for_youtube_extractor" time="0.053" /><testcase classname="tests.app.classroom.adapter.output.test_llm_material_ingest" name="test_ingest_material_embeds_youtube_transcript_segments" time="0.001" /><testcase classname="tests.app.classroom.adapter.output.test_llm_material_ingest" name="test_ingest_material_embeds_media_transcript_segments" time="0.001" /><testcase classname="tests.app.classroom.adapter.output.test_llm_material_ingest" name="test_ingest_material_rejects_media_outside_mp4_avi_scope[week2.webm-video/webm]" time="0.001" /><testcase classname="tests.app.classroom.adapter.output.test_llm_material_ingest" name="test_ingest_material_rejects_media_outside_mp4_avi_scope[week2.mp3-audio/mpeg]" time="0.001" /><testcase classname="tests.app.classroom.adapter.output.test_llm_material_ingest" name="test_ingest_material_raises_when_media_transcript_empty" time="0.000" /><testcase classname="tests.app.classroom.adapter.output.test_llm_material_ingest" name="test_ingest_material_rejects_media_transcript_over_budget" time="0.000" /><testcase classname="tests.app.classroom.adapter.output.test_llm_material_ingest" name="test_ingest_material_raises_when_youtube_transcript_empty" time="0.001" /><testcase classname="tests.app.classroom.adapter.output.test_llm_material_ingest" name="test_ingest_material_rejects_youtube_transcript_over_budget" time="0.001" /><testcase classname="tests.app.classroom.adapter.output.test_llm_material_ingest" name="test_ingest_material_allows_default_youtube_extractor_constructor" time="0.001" /><testcase classname="tests.app.classroom.adapter.output.test_llm_material_ingest" name="test_ingest_material_accepts_general_link_as_unsupported_content" time="0.001" /><testcase classname="tests.app.classroom.adapter.output.test_llm_material_ingest" name="test_ingest_material_rejects_non_https_youtube_url[file://www.youtube.com/etc/passwd]" time="0.001" /><testcase classname="tests.app.classroom.adapter.output.test_llm_material_ingest" name="test_ingest_material_rejects_non_https_youtube_url[ftp://www.youtube.com/watch?v=demo]" time="0.001" /><testcase classname="tests.app.classroom.adapter.output.test_llm_material_ingest" name="test_ingest_material_rejects_non_https_youtube_url[http://www.youtube.com/watch?v=demo]" time="0.001" /><testcase classname="tests.app.classroom.adapter.output.test_llm_material_ingest" name="test_ingest_material_raises_when_youtube_scope_candidates_empty" time="0.001" /><testcase classname="tests.app.classroom.adapter.output.test_llm_material_ingest" name="test_extract_hwpx_allows_xml_doctype" time="0.002" /><testcase classname="tests.app.classroom.adapter.output.test_llm_material_ingest" name="test_extract_hwpx_rejects_traversal_archive_path" time="0.000" /><testcase classname="tests.app.classroom.adapter.output.test_llm_material_ingest" name="test_extract_hwpx_allows_external_relationship_before_xml_parse" time="0.000" /><testcase classname="tests.app.classroom.adapter.output.test_llm_material_ingest" name="test_ingest_material_dispatches_hwpx_mime_without_extension" time="0.001" /><testcase classname="tests.app.classroom.adapter.output.test_llm_material_ingest" name="test_parse_vtt_segments_accepts_identifier_settings_and_comma_timestamp" time="0.000" /><testcase classname="tests.app.classroom.adapter.output.test_llm_material_ingest" name="test_parse_vtt_segments_skips_malformed_timestamp_block" time="0.000" /><testcase classname="tests.app.classroom.adapter.output.test_llm_material_ingest" name="test_extract_video_info_wraps_downloader_errors" time="0.000" /><testcase classname="tests.app.classroom.adapter.output.test_llm_material_ingest" name="test_download_subtitle_text_wraps_opener_errors" time="0.000" /><testcase classname="tests.app.classroom.adapter.output.test_llm_material_ingest" name="test_extract_transcript_wraps_vtt_parsing_errors" time="0.000" /><testcase classname="tests.app.classroom.adapter.output.test_llm_material_ingest" name="test_extract_transcript_uses_audio_fallback_when_enabled" time="0.001" /><testcase classname="tests.app.classroom.adapter.output.test_llm_material_ingest" name="test_extract_transcript_uses_audio_format_url_when_downloads_absent" time="0.001" /><testcase classname="tests.app.classroom.adapter.output.test_llm_material_ingest" name="test_extract_transcript_passes_verified_audio_url_to_fallback" time="0.001" /><testcase classname="tests.app.classroom.adapter.output.test_llm_material_ingest" name="test_download_audio_uses_safe_streaming_download" time="0.001" /><testcase classname="tests.app.classroom.adapter.output.test_llm_material_ingest" name="test_download_audio_removes_partial_file_when_size_limit_exceeded" time="0.001" /><testcase classname="tests.app.classroom.adapter.output.test_llm_material_ingest" name="test_download_subtitle_text_rejects_unsafe_urls[file:///etc/passwd]" time="0.000" /><testcase classname="tests.app.classroom.adapter.output.test_llm_material_ingest" name="test_download_subtitle_text_rejects_unsafe_urls[https://127.0.0.1/api/timedtext]" time="0.000" /><testcase classname="tests.app.classroom.adapter.output.test_llm_material_ingest" name="test_download_subtitle_text_rejects_unsafe_urls[https://youtube.com.attacker.example/api/timedtext]" time="0.000" /><testcase classname="tests.app.classroom.adapter.output.test_llm_material_ingest" name="test_subtitle_redirect_handler_revalidates_redirect_url" time="0.000" /><testcase classname="tests.app.classroom.adapter.output.test_llm_material_ingest" name="test_download_subtitle_text_rejects_private_dns_result" time="0.000" /><testcase classname="tests.app.classroom.adapter.output.test_llm_material_ingest" name="test_download_subtitle_text_rejects_oversized_response" time="0.000" /><testcase classname="tests.app.classroom.adapter.output.test_llm_material_ingest" name="test_parse_vtt_segments_rejects_segment_limit" time="0.000" /><testcase classname="tests.app.classroom.adapter.output.test_llm_material_ingest" name="test_parse_vtt_segments_rejects_text_char_limit" time="0.000" /><testcase classname="tests.app.classroom.adapter.output.test_llm_material_ingest" name="test_ingest_material_treats_plain_text_file_with_youtube_text_as_text" time="0.001" /><testcase classname="tests.app.classroom.adapter.output.test_llm_material_ingest" name="test_ingest_material_extracts_octet_stream_text_by_extension" time="0.001" /><testcase classname="tests.app.classroom.adapter.output.test_llm_material_ingest" name="test_ingest_material_does_not_treat_attacker_host_as_youtube" time="0.000" /><testcase classname="tests.app.classroom.adapter.output.test_llm_material_ingest" name="test_ingest_material_extracts_text_files_from_zip" time="0.001" /><testcase classname="tests.app.classroom.adapter.output.test_llm_material_ingest" name="test_ingest_material_extracts_text_from_docx_document" time="0.001" /><testcase classname="tests.app.classroom.adapter.output.test_llm_material_ingest" name="test_ingest_material_extracts_text_from_pptx_presentation" time="0.001" /><testcase classname="tests.app.classroom.adapter.output.test_llm_material_ingest" name="test_ingest_material_accepts_pptx_with_external_relationship" time="0.001" /><testcase classname="tests.app.classroom.adapter.output.test_llm_material_ingest" name="test_ingest_material_extracts_text_from_hwpx_xml_zip" time="0.001" /><testcase classname="tests.app.classroom.adapter.output.test_llm_material_ingest" name="test_ingest_material_dispatches_octet_stream_by_extension[week.pdf-application/octet-stream-pdf]" time="0.001" /><testcase classname="tests.app.classroom.adapter.output.test_llm_material_ingest" name="test_ingest_material_dispatches_octet_stream_by_extension[week.docx-application/octet-stream-docx]" time="0.001" /><testcase classname="tests.app.classroom.adapter.output.test_llm_material_ingest" name="test_ingest_material_dispatches_octet_stream_by_extension[week.pptx-application/octet-stream-pptx]" time="0.001" /><testcase classname="tests.app.classroom.adapter.output.test_llm_material_ingest" name="test_ingest_material_dispatches_octet_stream_by_extension[week.hwpx-application/octet-stream-hwpx]" time="0.001" /><testcase classname="tests.app.classroom.adapter.output.test_llm_material_ingest" name="test_ingest_material_dispatches_octet_stream_by_extension[week.zip-application/octet-stream-zip_text]" time="0.001" /><testcase classname="tests.app.classroom.adapter.output.test_llm_material_ingest" name="test_ingest_material_raises_for_legacy_office_formats[week.ppt]" time="0.000" /><testcase classname="tests.app.classroom.adapter.output.test_llm_material_ingest" name="test_ingest_material_raises_for_legacy_office_formats[week.doc]" time="0.000" /><testcase classname="tests.app.classroom.adapter.output.test_llm_material_ingest" name="test_ingest_material_raises_for_legacy_office_formats[week.hwp]" time="0.000" /><testcase classname="tests.app.classroom.adapter.output.test_llm_material_ingest" name="test_extract_zip_rejects_traversal_archive_path" time="0.000" /><testcase classname="tests.app.classroom.adapter.output.test_llm_material_ingest" name="test_extract_zip_rejects_too_many_extracted_chunks" time="0.000" /><testcase classname="tests.app.classroom.adapter.output.test_llm_material_ingest" name="test_extract_docx_allows_unsafe_xml_before_library_parse" time="0.000" /><testcase classname="tests.app.classroom.adapter.output.test_llm_material_ingest" name="test_extract_docx_rejects_traversal_zip_member_path" time="0.000" /><testcase classname="tests.app.classroom.adapter.output.test_llm_material_ingest" name="test_extract_docx_rejects_oversized_zip_member" time="0.000" /><testcase classname="tests.app.classroom.adapter.output.test_llm_material_ingest" name="test_extract_pptx_allows_external_relationship_before_library_parse" time="0.000" /><testcase classname="tests.app.classroom.adapter.output.test_llm_material_ingest" name="test_extract_pptx_allows_unsafe_xml_declaration_before_library_parse" time="0.000" /><testcase classname="tests.app.classroom.adapter.output.test_llm_material_ingest" name="test_extract_pptx_rejects_oversized_zip_member" time="0.000" /><testcase classname="tests.app.classroom.adapter.output.test_llm_material_ingest" name="test_ingest_material_raises_for_unsupported_type" time="0.000" /><testcase classname="tests.app.classroom.application.test_classroom_material_management_service" name="test_create_classroom_material_success_via_classroom_service" time="0.001" /><testcase classname="tests.app.classroom.application.test_classroom_material_management_service" name="test_list_materials_without_access_raises_via_classroom_service" time="0.000" /><testcase classname="tests.app.classroom.application.test_classroom_material_service" name="test_create_classroom_material_success" time="0.001" /><testcase classname="tests.app.classroom.application.test_classroom_material_service" name="test_create_material_stores_generated_description_on_sync_ingest" time="0.001" /><testcase classname="tests.app.classroom.application.test_classroom_material_service" name="test_create_classroom_material_enqueues_ingest_job" time="0.001" /><testcase classname="tests.app.classroom.application.test_classroom_material_service" name="test_create_file_material_stores_octet_stream_extension" time="0.000" /><testcase classname="tests.app.classroom.application.test_classroom_material_service" name="test_create_legacy_ppt_material_keeps_unsupported_without_enqueue" time="0.000" /><testcase classname="tests.app.classroom.application.test_classroom_material_service" name="test_create_text_file_material_enqueues_ingest_job" time="0.001" /><testcase classname="tests.app.classroom.application.test_classroom_material_service" name="test_create_material_submit_ignores_port_error" time="0.001" /><testcase classname="tests.app.classroom.application.test_classroom_material_service" name="test_create_material_submit_keeps_pending_on_unknown_worker_result" time="0.001" /><testcase classname="tests.app.classroom.application.test_classroom_material_service" name="test_create_link_classroom_material_enqueues_ingest_job" time="0.000" /><testcase classname="tests.app.classroom.application.test_classroom_material_service" name="test_create_general_link_material_stays_not_ingestible" time="0.000" /><testcase classname="tests.app.classroom.application.test_classroom_material_service" name="test_reingest_link_classroom_material_enqueues_job_without_file" time="0.000" /><testcase classname="tests.app.classroom.application.test_classroom_material_service" name="test_create_link_material_submit_stays_pending" time="0.000" /><testcase classname="tests.app.classroom.application.test_classroom_material_service" name="test_create_internal_link_material_stays_not_ingestible" time="0.000" /><testcase classname="tests.app.classroom.application.test_classroom_material_service" name="test_reingest_internal_link_material_enqueues_ingest_job" time="0.000" /><testcase classname="tests.app.classroom.application.test_classroom_material_service" name="test_update_link_material_allows_internal_source_url" time="0.001" /><testcase classname="tests.app.classroom.application.test_classroom_material_service" name="test_update_link_classroom_material_rejects_file_upload_immediately" time="0.000" /><testcase classname="tests.app.classroom.application.test_classroom_material_service" name="test_update_link_material_rejects_switch_to_file_without_upload" time="0.000" /><testcase classname="tests.app.classroom.application.test_classroom_material_service" name="test_reingest_link_material_rejects_missing_source_url_immediately" time="0.000" /><testcase classname="tests.app.classroom.application.test_classroom_material_service" name="test_reingest_link_material_completes_without_scope_candidates" time="0.000" /><testcase classname="tests.app.classroom.application.test_classroom_material_service" name="test_list_classroom_materials_for_student_with_access" time="0.000" /><testcase classname="tests.app.classroom.application.test_classroom_material_service" name="test_list_classroom_materials_for_student_without_access_raises" time="0.000" /><testcase classname="tests.app.classroom.application.test_classroom_material_service" name="test_update_classroom_material_replaces_file_and_deletes_old" time="0.000" /><testcase classname="tests.app.classroom.application.test_classroom_material_service" name="test_update_file_material_clears_stale_source_url_before_ingest" time="0.000" /><testcase classname="tests.app.classroom.application.test_classroom_material_service" name="test_update_broken_file_material_rejects_without_mutation" time="0.000" /><testcase classname="tests.app.classroom.application.test_classroom_material_service" name="test_update_classroom_material_with_file_enqueues_ingest_job" time="0.000" /><testcase classname="tests.app.classroom.application.test_classroom_material_service" name="test_update_material_with_unsupported_file_does_not_enqueue" time="0.000" /><testcase classname="tests.app.classroom.application.test_classroom_material_service" name="test_update_classroom_material_with_file_submit_stays_pending" time="0.000" /><testcase classname="tests.app.classroom.application.test_classroom_material_service" name="test_update_metadata_reuses_file_and_enqueues_reingest" time="0.000" /><testcase classname="tests.app.classroom.application.test_classroom_material_service" name="test_update_description_reuses_file_and_enqueues_reingest" time="0.000" /><testcase classname="tests.app.classroom.application.test_classroom_material_service" name="test_update_file_metadata_uses_policy_for_current_file" time="0.001" /><testcase classname="tests.app.classroom.application.test_classroom_material_service" name="test_update_switch_to_general_link_stays_not_ingestible" time="0.000" /><testcase classname="tests.app.classroom.application.test_classroom_material_service" name="test_update_switch_to_youtube_link_enqueues_with_link_metadata" time="0.000" /><testcase classname="tests.app.classroom.application.test_classroom_material_service" name="test_update_metadata_submit_stays_pending_until_worker_result" time="0.000" /><testcase classname="tests.app.classroom.application.test_classroom_material_service" name="test_update_classroom_material_metadata_noop_does_not_reingest" time="0.000" /><testcase classname="tests.app.classroom.application.test_classroom_material_service" name="test_reingest_classroom_material_enqueues_job_for_existing_file" time="0.000" /><testcase classname="tests.app.classroom.application.test_classroom_material_service" name="test_reingest_material_submit_stays_pending_until_worker_outcome" time="0.000" /><testcase classname="tests.app.classroom.application.test_classroom_material_service" name="test_get_classroom_material_from_other_classroom_raises_not_found" time="0.000" /><testcase classname="tests.app.classroom.application.test_classroom_material_service" name="test_delete_other_classroom_material_raises_not_found" time="0.000" /><testcase classname="tests.app.classroom.application.test_classroom_material_service" name="test_delete_classroom_material_deletes_material_and_file" time="0.000" /><testcase classname="tests.app.classroom.application.test_classroom_material_service" name="test_get_classroom_material_not_found_raises" time="0.000" /><testcase classname="tests.app.classroom.application.test_classroom_material_service" name="test_get_classroom_material_download_returns_stream" time="0.000" /><testcase classname="tests.app.classroom.application.test_classroom_service" name="test_create_classroom_success" time="0.000" /><testcase classname="tests.app.classroom.application.test_classroom_service" name="test_create_classroom_duplicate_schedule_raises" time="0.000" /><testcase classname="tests.app.classroom.application.test_classroom_service" name="test_create_classroom_invalid_professor_role_raises" time="0.000" /><testcase classname="tests.app.classroom.application.test_classroom_service" name="test_create_classroom_invalid_student_role_raises" time="0.000" /><testcase classname="tests.app.classroom.application.test_classroom_service" name="test_list_classrooms_returns_only_accessible_classrooms" time="0.000" /><testcase classname="tests.app.classroom.application.test_classroom_service" name="test_get_classroom_not_found_raises" time="0.000" /><testcase classname="tests.app.classroom.application.test_classroom_service" name="test_get_classroom_forbidden_for_other_organization_user" time="0.000" /><testcase classname="tests.app.classroom.application.test_classroom_service" name="test_update_classroom_success" time="0.001" /><testcase classname="tests.app.classroom.application.test_classroom_service" name="test_update_classroom_duplicate_schedule_raises" time="0.000" /><testcase classname="tests.app.classroom.application.test_classroom_service" name="test_update_classroom_forbidden_for_non_manager_professor" time="0.000" /><testcase classname="tests.app.classroom.application.test_classroom_service" name="test_invite_classroom_students_success" time="0.000" /><testcase classname="tests.app.classroom.application.test_classroom_service" name="test_invite_classroom_students_duplicate_raises" time="0.000" /><testcase classname="tests.app.classroom.application.test_classroom_service" name="test_remove_classroom_student_success" time="0.000" /><testcase classname="tests.app.classroom.application.test_classroom_service" name="test_remove_classroom_student_not_enrolled_raises" time="0.000" /><testcase classname="tests.app.classroom.application.test_classroom_service" name="test_delete_classroom_success" time="0.000" /><testcase classname="tests.app.classroom.domain.test_classroom_entity" name="test_classroom_entity_contains_multiple_professors_and_students" time="0.000" /><testcase classname="tests.app.classroom.domain.test_classroom_entity" name="test_merge_professor_ids_includes_current_professor_once" time="0.000" /><testcase classname="tests.app.classroom.domain.test_classroom_entity" name="test_update_details_normalizes_student_ids_and_updates_fields" time="0.000" /><testcase classname="tests.app.classroom.domain.test_classroom_entity" name="test_invited_student_ids_deduplicates_new_students" time="0.000" /><testcase classname="tests.app.classroom.domain.test_classroom_entity" name="test_remove_student_returns_false_when_student_is_missing" time="0.000" /><testcase classname="tests.app.classroom.domain.test_classroom_entity" name="test_can_be_accessed_by_returns_true_for_enrolled_student" time="0.000" /><testcase classname="tests.app.classroom.domain.test_classroom_entity" name="test_can_be_accessed_by_returns_false_for_other_organization_user" time="0.000" /><testcase classname="tests.app.classroom.domain.test_classroom_entity" name="test_create_classroom_factory_normalizes_professors_and_students" time="0.000" /><testcase classname="tests.app.classroom.domain.test_classroom_entity" name="test_classroom_material_factory_and_update_rules" time="0.000" /><testcase classname="tests.app.classroom.domain.test_classroom_entity" name="test_validate_members_raises_when_professor_is_missing" time="0.000" /><testcase classname="tests.app.classroom.domain.test_classroom_entity" name="test_validate_members_raises_when_professor_role_is_invalid" time="0.000" /><testcase classname="tests.app.classroom.domain.test_material_source_policy" name="test_supported_file_extensions_are_ingestible[lecture.pdf]" time="0.000" /><testcase classname="tests.app.classroom.domain.test_material_source_policy" name="test_supported_file_extensions_are_ingestible[lecture.pptx]" time="0.000" /><testcase classname="tests.app.classroom.domain.test_material_source_policy" name="test_supported_file_extensions_are_ingestible[lecture.docx]" time="0.000" /><testcase classname="tests.app.classroom.domain.test_material_source_policy" name="test_supported_file_extensions_are_ingestible[lecture.hwpx]" time="0.000" /><testcase classname="tests.app.classroom.domain.test_material_source_policy" name="test_supported_file_extensions_are_ingestible[lecture.avi]" time="0.000" /><testcase classname="tests.app.classroom.domain.test_material_source_policy" name="test_supported_file_extensions_are_ingestible[lecture.mp4]" time="0.000" /><testcase classname="tests.app.classroom.domain.test_material_source_policy" name="test_supported_file_extensions_are_ingestible[lecture.zip]" time="0.000" /><testcase classname="tests.app.classroom.domain.test_material_source_policy" name="test_text_file_extensions_are_ingestible[lecture.txt]" time="0.000" /><testcase classname="tests.app.classroom.domain.test_material_source_policy" name="test_text_file_extensions_are_ingestible[lecture.md]" time="0.000" /><testcase classname="tests.app.classroom.domain.test_material_source_policy" name="test_text_file_extensions_are_ingestible[lecture.csv]" time="0.000" /><testcase classname="tests.app.classroom.domain.test_material_source_policy" name="test_text_file_extensions_are_ingestible[lecture.json]" time="0.000" /><testcase classname="tests.app.classroom.domain.test_material_source_policy" name="test_text_file_extensions_are_ingestible[lecture.xml]" time="0.000" /><testcase classname="tests.app.classroom.domain.test_material_source_policy" name="test_text_mime_types_without_extension_are_ingestible[text/plain-txt]" time="0.000" /><testcase classname="tests.app.classroom.domain.test_material_source_policy" name="test_text_mime_types_without_extension_are_ingestible[text/markdown-md]" time="0.000" /><testcase classname="tests.app.classroom.domain.test_material_source_policy" name="test_text_mime_types_without_extension_are_ingestible[text/csv-csv]" time="0.000" /><testcase classname="tests.app.classroom.domain.test_material_source_policy" name="test_text_mime_types_without_extension_are_ingestible[application/json-json]" time="0.000" /><testcase classname="tests.app.classroom.domain.test_material_source_policy" name="test_text_mime_types_without_extension_are_ingestible[application/xml-xml]" time="0.000" /><testcase classname="tests.app.classroom.domain.test_material_source_policy" name="test_text_mime_types_without_extension_are_ingestible[text/xml-xml]" time="0.000" /><testcase classname="tests.app.classroom.domain.test_material_source_policy" name="test_octet_stream_with_supported_extension_is_ingestible[lecture.pdf]" time="0.000" /><testcase classname="tests.app.classroom.domain.test_material_source_policy" name="test_octet_stream_with_supported_extension_is_ingestible[lecture.pptx]" time="0.000" /><testcase classname="tests.app.classroom.domain.test_material_source_policy" name="test_octet_stream_with_supported_extension_is_ingestible[lecture.docx]" time="0.000" /><testcase classname="tests.app.classroom.domain.test_material_source_policy" name="test_octet_stream_with_supported_extension_is_ingestible[lecture.hwpx]" time="0.000" /><testcase classname="tests.app.classroom.domain.test_material_source_policy" name="test_octet_stream_with_supported_extension_is_ingestible[lecture.avi]" time="0.000" /><testcase classname="tests.app.classroom.domain.test_material_source_policy" name="test_octet_stream_with_supported_extension_is_ingestible[lecture.mp4]" time="0.000" /><testcase classname="tests.app.classroom.domain.test_material_source_policy" name="test_octet_stream_with_supported_extension_is_ingestible[lecture.zip]" time="0.000" /><testcase classname="tests.app.classroom.domain.test_material_source_policy" name="test_legacy_file_extensions_are_not_supported[legacy.ppt]" time="0.000" /><testcase classname="tests.app.classroom.domain.test_material_source_policy" name="test_legacy_file_extensions_are_not_supported[legacy.doc]" time="0.000" /><testcase classname="tests.app.classroom.domain.test_material_source_policy" name="test_legacy_file_extensions_are_not_supported[legacy.hwp]" time="0.000" /><testcase classname="tests.app.classroom.domain.test_material_source_policy" name="test_hwpx_mime_without_extension_is_ingestible[application/haansofthwpx]" time="0.000" /><testcase classname="tests.app.classroom.domain.test_material_source_policy" name="test_hwpx_mime_without_extension_is_ingestible[application/haansofthwp]" time="0.000" /><testcase classname="tests.app.classroom.domain.test_material_source_policy" name="test_hwpx_mime_without_extension_is_ingestible[application/x-hwpml]" time="0.000" /><testcase classname="tests.app.classroom.domain.test_material_source_policy" name="test_http_links_are_accepted_but_not_ingestible[http://www.youtube.com/watch?v=demo]" time="0.000" /><testcase classname="tests.app.classroom.domain.test_material_source_policy" name="test_http_links_are_accepted_but_not_ingestible[http://youtu.be/demo]" time="0.000" /><testcase classname="tests.app.classroom.domain.test_material_source_policy" name="test_http_links_are_accepted_but_not_ingestible[http://example.com/lecture]" time="0.000" /><testcase classname="tests.app.classroom.domain.test_material_source_policy" name="test_general_https_link_is_accepted_but_not_ingestible" time="0.000" /><testcase classname="tests.app.classroom.domain.test_material_source_policy" name="test_youtube_links_are_supported[https://www.youtube.com/watch?v=demo]" time="0.000" /><testcase classname="tests.app.classroom.domain.test_material_source_policy" name="test_youtube_links_are_supported[https://m.youtube.com/watch?v=demo]" time="0.000" /><testcase classname="tests.app.classroom.domain.test_material_source_policy" name="test_youtube_links_are_supported[https://youtu.be/demo]" time="0.000" /><testcase classname="tests.app.classroom.domain.test_material_source_policy" name="test_material_source_url_validation_allows_local_and_private_urls[http://localhost:3000/material]" time="0.000" /><testcase classname="tests.app.classroom.domain.test_material_source_policy" name="test_material_source_url_validation_allows_local_and_private_urls[http://127.0.0.1/material]" time="0.000" /><testcase classname="tests.app.classroom.domain.test_material_source_policy" name="test_material_source_url_validation_allows_local_and_private_urls[http://192.168.0.10/material]" time="0.000" /><testcase classname="tests.app.classroom.domain.test_material_source_policy" name="test_material_source_url_validation_allows_local_and_private_urls[https://www.youtube.com/watch?v=demo]" time="0.000" /><testcase classname="tests.app.exam.adapter.input.test_exam_api" name="test_create_exam_returns_200_for_professor" time="0.161" /><testcase classname="tests.app.exam.adapter.input.test_exam_api" name="test_create_exam_accepts_weekly_and_project_types" time="0.075" /><testcase classname="tests.app.exam.adapter.input.test_exam_api" name="test_list_exams_returns_200_for_student" time="0.074" /><testcase classname="tests.app.exam.adapter.input.test_exam_api" name="test_get_exam_returns_200" time="0.074" /><testcase classname="tests.app.exam.adapter.input.test_exam_api" name="test_create_exam_returns_422_for_invalid_week" time="0.075" /><testcase classname="tests.app.exam.adapter.input.test_exam_api" name="test_list_exams_hides_answers_for_student" time="0.073" /><testcase classname="tests.app.exam.adapter.input.test_exam_api" name="test_get_exam_hides_answers_for_student" time="0.073" /><testcase classname="tests.app.exam.adapter.input.test_exam_api" name="test_create_exam_question_returns_200_for_professor" time="0.075" /><testcase classname="tests.app.exam.adapter.input.test_exam_api" name="test_create_exam_question_422_when_subjective_answer_missing" time="0.076" /><testcase classname="tests.app.exam.adapter.input.test_exam_api" name="test_create_exam_question_returns_422_when_oral_rubric_missing" time="0.156" /><testcase classname="tests.app.exam.adapter.input.test_exam_api" name="test_create_exam_question_422_when_mc_options_missing" time="0.083" /><testcase classname="tests.app.exam.adapter.input.test_exam_api" name="test_create_exam_question_422_when_mc_has_single_option" time="0.078" /><testcase classname="tests.app.exam.adapter.input.test_exam_api" name="test_create_exam_question_422_when_mc_correct_answer_missing" time="0.077" /><testcase classname="tests.app.exam.adapter.input.test_exam_api" name="test_create_exam_question_422_when_mc_answer_not_in_options" time="0.075" /><testcase classname="tests.app.exam.adapter.input.test_exam_api" name="test_update_exam_question_returns_200_for_professor" time="0.076" /><testcase classname="tests.app.exam.adapter.input.test_exam_api" name="test_update_exam_question_returns_422_when_switching_to_oral_without_rubric" time="0.075" /><testcase classname="tests.app.exam.adapter.input.test_exam_api" name="test_update_exam_question_422_switching_to_subjective_without_answer" time="0.075" /><testcase classname="tests.app.exam.adapter.input.test_exam_api" name="test_update_exam_question_422_switching_to_mc_without_options" time="0.073" /><testcase classname="tests.app.exam.adapter.input.test_exam_api" name="test_update_exam_question_422_switching_to_mc_without_answer" time="0.073" /><testcase classname="tests.app.exam.adapter.input.test_exam_api" name="test_create_exam_question_returns_422_for_non_positive_max_score" time="0.159" /><testcase classname="tests.app.exam.adapter.input.test_exam_api" name="test_update_exam_question_returns_422_for_non_positive_max_score" time="0.074" /><testcase classname="tests.app.exam.adapter.input.test_exam_api" name="test_delete_exam_question_returns_200_for_professor" time="0.073" /><testcase classname="tests.app.exam.adapter.input.test_exam_api" name="test_create_exam_question_returns_403_for_student" time="0.075" /><testcase classname="tests.app.exam.adapter.input.test_exam_api" name="test_generate_exam_questions_returns_202_for_professor" time="0.074" /><testcase classname="tests.app.exam.adapter.input.test_exam_api" name="test_generate_exam_questions_returns_202_for_strategy_request" time="0.074" /><testcase classname="tests.app.exam.adapter.input.test_exam_api" name="test_generate_exam_questions_returns_400_for_invalid_materials" time="0.074" /><testcase classname="tests.app.exam.adapter.input.test_exam_api" name="test_generate_exam_questions_returns_400_for_pending_material" time="0.076" /><testcase classname="tests.app.exam.adapter.input.test_exam_api" name="test_generate_exam_questions_returns_409_for_already_in_progress" time="0.074" /><testcase classname="tests.app.exam.adapter.input.test_exam_api" name="test_generate_exam_questions_returns_400_for_failed_material" time="0.162" /><testcase classname="tests.app.exam.adapter.input.test_exam_api" name="test_generate_exam_questions_returns_422_for_legacy_mismatched_totals" time="0.075" /><testcase classname="tests.app.exam.adapter.input.test_exam_api" name="test_generate_exam_questions_returns_422_for_strategy_total_mismatch" time="0.074" /><testcase classname="tests.app.exam.adapter.input.test_exam_api" name="test_generate_exam_questions_returns_422_for_mixed_strategy_and_legacy_mode" time="0.075" /><testcase classname="tests.app.exam.adapter.input.test_exam_api" name="test_generate_exam_questions_returns_422_for_invalid_question_type" time="0.077" /><testcase classname="tests.app.exam.adapter.input.test_exam_api" name="test_generate_exam_questions_returns_422_for_none_question_type" time="0.074" /><testcase classname="tests.app.exam.adapter.input.test_exam_api" name="test_generate_exam_questions_accepts_question_type_count_above_five" time="0.074" /><testcase classname="tests.app.exam.adapter.input.test_exam_api" name="test_list_student_exams_returns_200_for_student" time="0.079" /><testcase classname="tests.app.exam.adapter.input.test_exam_api" name="test_get_student_exam_returns_200_for_student" time="0.075" /><testcase classname="tests.app.exam.adapter.input.test_exam_api" name="test_start_exam_session_returns_200_for_student" time="0.074" /><testcase classname="tests.app.exam.adapter.input.test_exam_api" name="test_get_student_exam_returns_404_when_exam_not_found" time="0.168" /><testcase classname="tests.app.exam.adapter.input.test_exam_api" name="test_start_exam_session_returns_409_when_session_unavailable" time="0.075" /><testcase classname="tests.app.exam.adapter.input.test_exam_api" name="test_start_exam_session_returns_409_when_session_already_in_progress" time="0.074" /><testcase classname="tests.app.exam.adapter.input.test_exam_api" name="test_start_exam_session_returns_409_when_max_attempts_exceeded" time="0.074" /><testcase classname="tests.app.exam.adapter.input.test_exam_api" name="test_list_my_exam_results_returns_200_for_student" time="0.074" /><testcase classname="tests.app.exam.adapter.input.test_exam_api" name="test_record_exam_turn_returns_200_for_student" time="0.075" /><testcase classname="tests.app.exam.adapter.input.test_exam_api" name="test_complete_exam_session_returns_200_for_student" time="0.076" /><testcase classname="tests.app.exam.adapter.input.test_exam_api" name="test_finalize_exam_result_returns_200_for_student" time="0.073" /><testcase classname="tests.app.exam.adapter.input.test_exam_api" name="test_finalize_exam_result_rejects_client_score_fields" time="0.075" /><testcase classname="tests.app.exam.adapter.input.test_exam_api" name="test_get_student_exam_session_sheet_returns_safe_questions" time="0.160" /><testcase classname="tests.app.exam.adapter.input.test_exam_api" name="test_generate_exam_follow_up_returns_assistant_turn" time="0.073" /><testcase classname="tests.app.exam.adapter.input.test_exam_api" name="test_get_my_exam_session_result_returns_one_result" time="0.074" /><testcase classname="tests.app.exam.adapter.input.test_exam_session_api" name="test_start_exam_session_returns_200_for_student" time="0.077" /><testcase classname="tests.app.exam.adapter.output.persistence.test_exam_repository" name="test_exam_table_uses_sqlalchemy_enum_columns" time="0.000" /><testcase classname="tests.app.exam.adapter.output.persistence.test_exam_repository" name="test_exam_table_contains_non_nullable_week_column" time="0.000" /><testcase classname="tests.app.exam.adapter.output.persistence.test_exam_repository" name="test_exam_table_contains_non_nullable_max_attempts_column" time="0.000" /><testcase classname="tests.app.exam.adapter.output.persistence.test_exam_repository" name="test_exam_question_table_uses_sqlalchemy_enum_columns" time="0.000" /><testcase classname="tests.app.exam.adapter.output.persistence.test_exam_repository" name="test_exam_question_table_contains_merged_intent_and_rubric_columns" time="0.000" /><testcase classname="tests.app.exam.adapter.output.persistence.test_exam_repository" name="test_exam_question_table_keeps_legacy_columns_for_backfill_compatibility" time="0.000" /><testcase classname="tests.app.exam.adapter.output.persistence.test_exam_repository" name="test_exam_question_table_contains_non_nullable_max_score_column" time="0.000" /><testcase classname="tests.app.exam.adapter.output.persistence.test_exam_repository" name="test_exam_question_table_contains_positive_max_score_check_constraint" time="0.000" /><testcase classname="tests.app.exam.adapter.output.persistence.test_exam_repository" name="test_legacy_multiple_choice_question_without_options_still_loads" time="0.000" /><testcase classname="tests.app.exam.adapter.output.persistence.test_exam_repository" name="test_exam_question_table_serializes_source_material_ids_as_json_strings" time="0.000" /><testcase classname="tests.app.exam.adapter.output.persistence.test_exam_repository" name="test_exam_question_table_restores_source_material_ids_as_uuid_list" time="0.000" /><testcase classname="tests.app.exam.adapter.output.persistence.test_exam_repository" name="test_exam_question_table_rejects_null_source_material_ids_on_bind" time="0.000" /><testcase classname="tests.app.exam.adapter.output.persistence.test_exam_repository" name="test_exam_question_table_rejects_invalid_source_material_id_member" time="0.000" /><testcase classname="tests.app.exam.adapter.output.persistence.test_exam_repository" name="test_exam_question_table_rejects_invalid_source_material_id_string" time="0.000" /><testcase classname="tests.app.exam.adapter.output.persistence.test_exam_repository" name="test_exam_session_and_result_tables_use_sqlalchemy_enum_columns" time="0.000" /><testcase classname="tests.app.exam.adapter.output.persistence.test_exam_repository" name="test_exam_result_table_contains_rich_feedback_columns" time="0.000" /><testcase classname="tests.app.exam.adapter.output.persistence.test_exam_repository" name="test_exam_result_criterion_table_contains_score_and_feedback_columns" time="0.000" /><testcase classname="tests.app.exam.adapter.output.persistence.test_exam_repository" name="test_exam_session_table_contains_unique_attempt_constraint" time="0.000" /><testcase classname="tests.app.exam.adapter.output.persistence.test_exam_repository" name="test_exam_session_table_contains_single_in_progress_index" time="0.000" /><testcase classname="tests.app.exam.adapter.output.persistence.test_exam_repository" name="test_exam_turn_table_uses_sqlalchemy_enum_columns" time="0.000" /><testcase classname="tests.app.exam.adapter.output.test_llm_question_generation" name="test_generate_questions_returns_backend_drafts" time="0.001" /><testcase classname="tests.app.exam.adapter.output.test_llm_question_generation" name="test_generate_questions_queries_each_selected_material" time="0.001" /><testcase classname="tests.app.exam.adapter.output.test_llm_question_generation" name="test_generate_questions_raises_when_mc_answer_not_in_options" time="0.001" /><testcase classname="tests.app.exam.adapter.output.test_llm_question_generation" name="test_generate_questions_includes_project_guidance" time="0.001" /><testcase classname="tests.app.exam.adapter.output.test_llm_question_generation" name="test_generate_questions_retries_until_valid_response" time="0.001" /><testcase classname="tests.app.exam.adapter.output.test_llm_question_generation" name="test_generate_questions_raises_when_openai_key_missing" time="0.000" /><testcase classname="tests.app.exam.adapter.output.test_llm_question_generation" name="test_generate_questions_raises_when_bloom_distribution_mismatch" time="0.001" /><testcase classname="tests.app.exam.adapter.output.test_llm_question_generation" name="test_generate_questions_raises_when_type_distribution_mismatch" time="0.001" /><testcase classname="tests.app.exam.application.test_exam_service" name="test_exam_create_builds_criteria_with_generated_exam_id" time="0.000" /><testcase classname="tests.app.exam.application.test_exam_service" name="test_exam_create_rejects_invalid_max_attempts" time="0.000" /><testcase classname="tests.app.exam.application.test_exam_service" name="test_create_exam_success" time="0.001" /><testcase classname="tests.app.exam.application.test_exam_service" name="test_exam_build_realtime_instructions_uses_weekly_type_value" time="0.000" /><testcase classname="tests.app.exam.application.test_exam_service" name="test_exam_build_realtime_instructions_uses_project_type_value" time="0.000" /><testcase classname="tests.app.exam.application.test_exam_service" name="test_create_exam_command_requires_positive_week" time="0.000" /><testcase classname="tests.app.exam.application.test_exam_service" name="test_create_exam_question_command_requires_mc_options" time="0.000" /><testcase classname="tests.app.exam.application.test_exam_service" name="test_create_exam_question_command_requires_mc_answer" time="0.000" /><testcase classname="tests.app.exam.application.test_exam_service" name="test_create_exam_question_command_requires_two_mc_options" time="0.000" /><testcase classname="tests.app.exam.application.test_exam_service" name="test_create_exam_question_command_requires_correct_answer_for_subjective" time="0.000" /><testcase classname="tests.app.exam.application.test_exam_service" name="test_update_exam_question_command_requires_options_when_switching_to_mc" time="0.000" /><testcase classname="tests.app.exam.application.test_exam_service" name="test_update_exam_question_command_requires_answer_when_switching_to_mc" time="0.000" /><testcase classname="tests.app.exam.application.test_exam_service" name="test_update_exam_question_command_requires_rubric_when_switching_to_oral" time="0.000" /><testcase classname="tests.app.exam.application.test_exam_service" name="test_update_exam_question_command_requires_answer_for_subjective" time="0.000" /><testcase classname="tests.app.exam.application.test_exam_service" name="test_create_exam_student_forbidden" time="0.000" /><testcase classname="tests.app.exam.application.test_exam_service" name="test_list_exams_returns_classroom_exams" time="0.000" /><testcase classname="tests.app.exam.application.test_exam_service" name="test_get_exam_from_other_classroom_raises_not_found" time="0.001" /><testcase classname="tests.app.exam.application.test_exam_service" name="test_get_exam_returns_operational_fields_and_criteria" time="0.000" /><testcase classname="tests.app.exam.application.test_exam_service" name="test_list_student_exams_marks_closed_exam_as_completed" time="0.000" /><testcase classname="tests.app.exam.application.test_exam_service" name="test_list_student_exams_marks_submitted_student_completed" time="0.000" /><testcase classname="tests.app.exam.application.test_exam_service" name="test_list_student_exams_returns_latest_completed_result" time="0.000" /><testcase classname="tests.app.exam.application.test_exam_service" name="test_get_student_exam_returns_result_only_gate_for_completed_exam" time="0.000" /><testcase classname="tests.app.exam.application.test_exam_service" name="test_list_student_exams_marks_upcoming_exam_as_not_enterable" time="0.000" /><testcase classname="tests.app.exam.application.test_exam_service" name="test_get_student_exam_returns_latest_completed_result" time="0.000" /><testcase classname="tests.app.exam.application.test_exam_service" name="test_get_student_exam_marks_upcoming_exam_as_not_enterable" time="0.000" /><testcase classname="tests.app.exam.application.test_exam_service" name="test_get_student_exam_raises_for_other_classroom" time="0.000" /><testcase classname="tests.app.exam.application.test_exam_service" name="test_create_exam_question_success" time="0.000" /><testcase classname="tests.app.exam.application.test_exam_service" name="test_update_exam_question_marks_reviewed" time="0.000" /><testcase classname="tests.app.exam.application.test_exam_service" name="test_update_exam_question_rejects_mc_without_required_answer_fields" time="0.000" /><testcase classname="tests.app.exam.application.test_exam_service" name="test_update_legacy_multiple_choice_question_allows_text_only_edit" time="0.000" /><testcase classname="tests.app.exam.application.test_exam_service" name="test_update_legacy_mc_rejects_answer_edit_without_full_contract" time="0.000" /><testcase classname="tests.app.exam.application.test_exam_service" name="test_update_mc_question_to_subjective_keeps_exact_answer" time="0.000" /><testcase classname="tests.app.exam.application.test_exam_service" name="test_delete_exam_question_marks_deleted" time="0.000" /><testcase classname="tests.app.exam.application.test_exam_service" name="test_update_exam_question_not_found_raises" time="0.000" /><testcase classname="tests.app.exam.application.test_exam_service" name="test_delete_exam_question_not_found_raises" time="0.000" /><testcase classname="tests.app.exam.application.test_exam_service" name="test_create_exam_question_student_forbidden" time="0.000" /><testcase classname="tests.app.exam.application.test_exam_service" name="test_start_exam_session_returns_client_secret_and_session" time="0.001" /><testcase classname="tests.app.exam.application.test_exam_service" name="test_start_exam_session_raises_unavailable_for_closed_exam" time="0.000" /><testcase classname="tests.app.exam.application.test_exam_service" name="test_start_exam_session_raises_unavailable_before_exam_window_opens" time="0.000" /><testcase classname="tests.app.exam.application.test_exam_service" name="test_start_exam_session_professor_forbidden" time="0.000" /><testcase classname="tests.app.exam.application.test_exam_service" name="test_generate_exam_questions_enqueues_job_and_marks_exam_queued" time="0.001" /><testcase classname="tests.app.exam.application.test_exam_service" name="test_generate_exam_questions_normalizes_strategy_counts" time="0.000" /><testcase classname="tests.app.exam.application.test_exam_service" name="test_generate_exam_questions_already_in_progress_raises" time="0.000" /><testcase classname="tests.app.exam.application.test_exam_service" name="test_generate_exam_questions_invalid_material_raises" time="0.000" /><testcase classname="tests.app.exam.application.test_exam_service" name="test_generate_exam_questions_pending_material_raises" time="0.000" /><testcase classname="tests.app.exam.application.test_exam_service" name="test_generate_exam_questions_failed_material_raises_before_enqueue" time="0.001" /><testcase classname="tests.app.exam.application.test_exam_service" name="test_generate_exam_questions_unavailable_raises" time="0.000" /><testcase classname="tests.app.exam.application.test_exam_session_service" name="test_exam_session_entity_methods_enforce_rules" time="0.000" /><testcase classname="tests.app.exam.application.test_exam_session_service" name="test_exam_result_entity_methods_finalize_result" time="0.000" /><testcase classname="tests.app.exam.application.test_exam_session_service" name="test_exam_result_finalize_from_evaluation_uses_weighted_score" time="0.000" /><testcase classname="tests.app.exam.application.test_exam_session_service" name="test_exam_result_finalize_from_evaluation_rejects_missing_criteria" time="0.000" /><testcase classname="tests.app.exam.application.test_exam_session_service" name="test_exam_turn_entity_create_preserves_payload" time="0.000" /><testcase classname="tests.app.exam.application.test_exam_session_service" name="test_exam_aggregate_session_and_result_rules" time="0.000" /><testcase classname="tests.app.exam.application.test_exam_session_service" name="test_exam_aggregate_validates_ownership_and_finalize_rules" time="0.000" /><testcase classname="tests.app.exam.application.test_exam_session_service" name="test_start_exam_session_returns_secret_and_session" time="0.000" /><testcase classname="tests.app.exam.application.test_exam_session_service" name="test_start_exam_session_student_only" time="0.000" /><testcase classname="tests.app.exam.application.test_exam_session_service" name="test_start_exam_session_blocks_when_session_already_in_progress" time="0.000" /><testcase classname="tests.app.exam.application.test_exam_session_service" name="test_start_exam_session_assigns_second_attempt_after_completion" time="0.000" /><testcase classname="tests.app.exam.application.test_exam_session_service" name="test_start_exam_session_blocks_when_max_attempts_exceeded" time="0.000" /><testcase classname="tests.app.exam.application.test_exam_session_service" name="test_start_exam_session_blocks_when_result_completed" time="0.000" /><testcase classname="tests.app.exam.application.test_exam_session_service" name="test_start_exam_session_blocks_after_session_lock_race" time="0.001" /><testcase classname="tests.app.exam.application.test_exam_session_service" name="test_start_exam_session_blocks_during_result_lock_race" time="0.000" /><testcase classname="tests.app.exam.application.test_exam_session_service" name="test_start_exam_session_does_not_persist_twice_after_secret" time="0.000" /><testcase classname="tests.app.exam.application.test_exam_session_service" name="test_start_exam_session_maps_in_progress_integrity_error" time="0.000" /><testcase classname="tests.app.exam.application.test_exam_session_service" name="test_start_exam_session_skips_secret_when_save_fails" time="0.000" /><testcase classname="tests.app.exam.application.test_exam_session_service" name="test_start_exam_session_maps_attempt_constraint_integrity_error" time="0.000" /><testcase classname="tests.app.exam.application.test_exam_session_service" name="test_start_exam_session_includes_exam_context_in_instructions" time="0.000" /><testcase classname="tests.app.exam.application.test_exam_session_service" name="test_list_my_exam_results_returns_current_student_results_only" time="0.000" /><testcase classname="tests.app.exam.application.test_exam_session_service" name="test_record_exam_turn_saves_question_and_answer_history" time="0.001" /><testcase classname="tests.app.exam.application.test_exam_session_service" name="test_record_exam_turn_rejects_other_students_session" time="0.000" /><testcase classname="tests.app.exam.application.test_exam_session_service" name="test_complete_exam_session_enqueues_evaluation_job" time="0.001" /><testcase classname="tests.app.exam.application.test_exam_session_service" name="test_finalize_exam_result_updates_pending_result" time="0.000" /><testcase classname="tests.app.exam.application.test_exam_session_service" name="test_get_student_exam_session_sheet_returns_exam_with_questions" time="0.000" /><testcase classname="tests.app.exam.application.test_exam_session_service" name="test_get_student_exam_session_sheet_blocks_unavailable_exam" time="0.000" /><testcase classname="tests.app.exam.application.test_exam_session_service" name="test_get_student_exam_session_sheet_blocks_completed_exam_result" time="0.000" /><testcase classname="tests.app.exam.application.test_exam_session_service" name="test_generate_exam_follow_up_persists_assistant_turn" time="0.001" /><testcase classname="tests.app.exam.application.test_exam_session_service" name="test_generate_follow_up_rejects_unavailable_exam_before_port" time="0.000" /><testcase classname="tests.app.exam.application.test_exam_session_service" name="test_generate_follow_up_rejects_other_student_session_before_port" time="0.001" /><testcase classname="tests.app.exam.application.test_exam_session_service" name="test_generate_follow_up_rejects_completed_session_before_port" time="0.001" /><testcase classname="tests.app.exam.application.test_exam_session_service" name="test_get_my_exam_session_result_returns_owned_session_result" time="0.000" /><testcase classname="tests.app.exam.application.test_exam_session_service" name="test_generate_follow_up_rejects_deleted_question_before_port" time="0.001" /><testcase classname="tests.app.exam.application.test_exam_session_service" name="test_get_my_exam_session_result_rejects_other_student_session" time="0.000" /><testcase classname="tests.app.file.adapter.input.test_file_api" name="test_create_file_returns_serialized_id" time="0.074" /><testcase classname="tests.app.file.adapter.input.test_file_api" name="test_list_files_returns_200" time="0.075" /><testcase classname="tests.app.file.adapter.input.test_file_api" name="test_get_file_returns_200" time="0.080" /><testcase classname="tests.app.file.adapter.input.test_file_api" name="test_get_file_not_found_returns_404" time="0.076" /><testcase classname="tests.app.file.adapter.input.test_file_api" name="test_update_file_returns_200" time="0.074" /><testcase classname="tests.app.file.adapter.input.test_file_api" name="test_delete_file_returns_200" time="0.156" /><testcase classname="tests.app.file.adapter.input.test_file_api" name="test_create_file_invalid_input_returns_422[payload0-file_name]" time="0.074" /><testcase classname="tests.app.file.adapter.input.test_file_api" name="test_create_file_invalid_input_returns_422[payload1-file_path]" time="0.073" /><testcase classname="tests.app.file.adapter.input.test_file_api" name="test_create_file_invalid_input_returns_422[payload2-file_size]" time="0.074" /><testcase classname="tests.app.file.adapter.input.test_file_api" name="test_update_file_invalid_input_returns_422" time="0.075" /><testcase classname="tests.app.file.adapter.output.persistence.test_file_repository" name="test_save_and_get_file" time="0.141" /><testcase classname="tests.app.file.adapter.output.persistence.test_file_repository" name="test_list_excludes_deleted_files" time="0.118" /><testcase classname="tests.app.file.adapter.output.persistence.test_file_repository" name="test_file_table_uses_non_native_enum_values" time="0.046" /><testcase classname="tests.app.file.application.test_file_service" name="test_create_file_success" time="0.001" /><testcase classname="tests.app.file.application.test_file_service" name="test_upload_file_success" time="0.000" /><testcase classname="tests.app.file.application.test_file_service" name="test_upload_file_failure_raises" time="0.001" /><testcase classname="tests.app.file.application.test_file_service" name="test_upload_file_sanitizes_display_name_and_storage_name" time="0.000" /><testcase classname="tests.app.file.application.test_file_service" name="test_get_file_not_found" time="0.000" /><testcase classname="tests.app.file.application.test_file_service" name="test_list_files_returns_only_non_deleted_files" time="0.001" /><testcase classname="tests.app.file.application.test_file_service" name="test_update_file_success" time="0.001" /><testcase classname="tests.app.file.application.test_file_service" name="test_update_file_omitted_fields_keep_existing_values" time="0.001" /><testcase classname="tests.app.file.application.test_file_service" name="test_update_file_not_found" time="0.000" /><testcase classname="tests.app.file.application.test_file_service" name="test_delete_file_excludes_from_list_and_removes_storage" time="0.001" /><testcase classname="tests.app.file.application.test_file_service" name="test_delete_file_not_found" time="0.000" /><testcase classname="tests.app.file.application.test_file_service" name="test_get_file_download_returns_stream_and_metadata" time="0.000" /><testcase classname="tests.app.file.application.test_file_service" name="test_get_file_download_failure_raises" time="0.000" /><testcase classname="tests.app.file.application.test_file_service" name="test_delete_file_storage_failure_raises" time="0.001" /><testcase classname="tests.app.file.domain.test_file_entity" name="test_file_entity_creation" time="0.000" /><testcase classname="tests.app.file.domain.test_file_entity" name="test_file_activate" time="0.000" /><testcase classname="tests.app.file.domain.test_file_entity" name="test_file_update_changes_only_given_fields" time="0.000" /><testcase classname="tests.app.file.domain.test_file_entity" name="test_file_delete_returns_whether_storage_should_be_removed" time="0.000" /><testcase classname="tests.app.file.domain.test_file_entity" name="test_file_delete_skips_storage_when_already_deleted" time="0.000" /><testcase classname="tests.app.organization.adapter.input.test_organization_api" name="test_list_organizations_returns_200" time="0.075" /><testcase classname="tests.app.organization.adapter.input.test_organization_api" name="test_create_organization_returns_200" time="0.074" /><testcase classname="tests.app.organization.adapter.input.test_organization_api" name="test_create_organization_returns_403_for_non_admin" time="0.074" /><testcase classname="tests.app.organization.adapter.input.test_organization_api" name="test_get_organization_returns_200" time="0.073" /><testcase classname="tests.app.organization.adapter.input.test_organization_api" name="test_update_organization_returns_200" time="0.075" /><testcase classname="tests.app.organization.adapter.input.test_organization_api" name="test_update_organization_returns_403_for_non_admin" time="0.163" /><testcase classname="tests.app.organization.adapter.input.test_organization_api" name="test_get_organization_not_found_returns_404" time="0.073" /><testcase classname="tests.app.organization.adapter.input.test_organization_api" name="test_delete_organization_returns_200" time="0.072" /><testcase classname="tests.app.organization.adapter.input.test_organization_api" name="test_delete_organization_returns_403_for_non_admin" time="0.073" /><testcase classname="tests.app.organization.adapter.input.test_organization_api" name="test_get_organization_invalid_id_returns_422" time="0.073" /><testcase classname="tests.app.organization.adapter.input.test_organization_api" name="test_create_organization_duplicate_code_returns_409" time="0.075" /><testcase classname="tests.app.organization.adapter.input.test_organization_api" name="test_create_organization_invalid_input_returns_422[payload0-code]" time="0.077" /><testcase classname="tests.app.organization.adapter.input.test_organization_api" name="test_create_organization_invalid_input_returns_422[payload1-name]" time="0.073" /><testcase classname="tests.app.organization.adapter.input.test_organization_api" name="test_create_organization_invalid_input_returns_422[payload2-auth_provider]" time="0.074" /><testcase classname="tests.app.organization.adapter.input.test_organization_api" name="test_update_organization_empty_payload_returns_422" time="0.166" /><testcase classname="tests.app.organization.adapter.output.integration.test_hansung" name="test_authenticate_returns_student_identity" time="0.001" /><testcase classname="tests.app.organization.adapter.output.integration.test_hansung" name="test_authenticate_returns_professor_identity" time="0.000" /><testcase classname="tests.app.organization.adapter.output.integration.test_hansung" name="test_authenticate_falls_back_when_portal_has_no_identity_text" time="0.000" /><testcase classname="tests.app.organization.adapter.output.integration.test_hansung" name="test_authenticate_raises_invalid_credentials_for_login_page" time="0.000" /><testcase classname="tests.app.organization.adapter.output.integration.test_hansung" name="test_authenticate_rejects_non_redirect_login_response" time="0.000" /><testcase classname="tests.app.organization.adapter.output.integration.test_hansung" name="test_authenticate_rejects_wrong_redirect_target" time="0.000" /><testcase classname="tests.app.organization.adapter.output.integration.test_hansung" name="test_authenticate_raises_provider_unavailable_on_timeout" time="0.000" /><testcase classname="tests.app.organization.adapter.output.integration.test_hansung" name="test_authenticate_raises_when_provider_is_not_hansung" time="0.000" /><testcase classname="tests.app.organization.adapter.output.persistence.test_organization_repository" name="test_save_and_get_organization" time="0.134" /><testcase classname="tests.app.organization.adapter.output.persistence.test_organization_repository" name="test_get_by_id_returns_organization" time="0.112" /><testcase classname="tests.app.organization.adapter.output.persistence.test_organization_repository" name="test_list_returns_organizations_sorted_by_name" time="0.113" /><testcase classname="tests.app.organization.adapter.output.persistence.test_organization_repository" name="test_organization_table_uses_non_native_enum_values" time="0.055" /><testcase classname="tests.app.organization.application.test_organization_service" name="test_create_organization_success" time="0.001" /><testcase classname="tests.app.organization.application.test_organization_service" name="test_create_organization_duplicate_code_raises" time="0.000" /><testcase classname="tests.app.organization.application.test_organization_service" name="test_list_organizations_returns_all_organizations" time="0.000" /><testcase classname="tests.app.organization.application.test_organization_service" name="test_get_organization_returns_organization" time="0.000" /><testcase classname="tests.app.organization.application.test_organization_service" name="test_get_organization_not_found_raises" time="0.000" /><testcase classname="tests.app.organization.application.test_organization_service" name="test_update_organization_success" time="0.000" /><testcase classname="tests.app.organization.application.test_organization_service" name="test_update_organization_duplicate_code_raises" time="0.000" /><testcase classname="tests.app.organization.application.test_organization_service" name="test_update_organization_not_found_raises" time="0.000" /><testcase classname="tests.app.organization.application.test_organization_service" name="test_update_organization_changes_code_and_auth_provider" time="0.000" /><testcase classname="tests.app.organization.application.test_organization_service" name="test_update_organization_keeps_omitted_fields_unchanged" time="0.000" /><testcase classname="tests.app.organization.application.test_organization_service" name="test_delete_organization_sets_deleted_state" time="0.000" /><testcase classname="tests.app.organization.application.test_organization_service" name="test_delete_organization_not_found_raises" time="0.000" /><testcase classname="tests.app.organization.domain.test_organization_entity" name="test_organization_needs_code_change_only_for_different_code" time="0.000" /><testcase classname="tests.app.organization.domain.test_organization_entity" name="test_organization_delete_marks_deleted_state" time="0.000" /><testcase classname="tests.app.test_app_bootstrap" name="test_create_app_returns_extended_fastapi" time="0.073" /><testcase classname="tests.app.test_app_bootstrap" name="test_app_registers_health_check_route" time="0.073" /><testcase classname="tests.app.test_app_bootstrap" name="test_app_openapi_registers_cookie_auth_security_scheme" time="0.153" /><testcase classname="tests.app.test_app_bootstrap" name="test_app_openapi_marks_authenticated_routes_with_security" time="0.153" /><testcase classname="tests.app.test_app_bootstrap" name="test_app_registers_request_scoped_db_session_middleware" time="0.073" /><testcase classname="tests.app.test_app_bootstrap" name="test_create_app_registers_llm_adapters" time="0.073" /><testcase classname="tests.app.test_app_bootstrap" name="test_request_scoped_session_resets_context_and_removes_session" time="0.078" /><testcase classname="tests.app.test_app_bootstrap" name="test_async_job_worker_loop_skips_sleep_when_job_was_handled" time="0.001" /><testcase classname="tests.app.test_app_bootstrap" name="test_lifespan_fails_fast_when_poll_interval_is_invalid" time="0.000" /><testcase classname="tests.app.test_app_bootstrap" name="test_lifespan_skips_worker_when_async_job_table_is_missing" time="0.004" /><testcase classname="tests.app.test_app_bootstrap" name="test_lifespan_fails_fast_when_worker_build_raises" time="0.000" /><testcase classname="tests.app.test_app_bootstrap" name="test_lifespan_cancels_background_worker_on_shutdown" time="0.000" /><testcase classname="tests.app.test_app_bootstrap" name="test_validate_poll_interval_rejects_non_positive_value[0]" time="0.000" /><testcase classname="tests.app.test_app_bootstrap" name="test_validate_poll_interval_rejects_non_positive_value[-1]" time="0.000" /><testcase classname="tests.app.test_app_bootstrap" name="test_validate_poll_interval_rejects_non_positive_value[-0.1]" time="0.000" /><testcase classname="tests.app.user.adapter.input.test_user_api" name="test_create_user_returns_serialized_id" time="0.164" /><testcase classname="tests.app.user.adapter.input.test_user_api" name="test_create_user_returns_403_for_non_admin" time="0.074" /><testcase classname="tests.app.user.adapter.input.test_user_api" name="test_list_users_returns_401_without_access_token" time="0.074" /><testcase classname="tests.app.user.adapter.input.test_user_api" name="test_list_users_returns_401_with_invalid_access_token" time="0.074" /><testcase classname="tests.app.user.adapter.input.test_user_api" name="test_list_users_returns_200" time="0.075" /><testcase classname="tests.app.user.adapter.input.test_user_api" name="test_get_me_returns_200" time="0.075" /><testcase classname="tests.app.user.adapter.input.test_user_api" name="test_get_me_returns_401_without_access_token" time="0.073" /><testcase classname="tests.app.user.adapter.input.test_user_api" name="test_get_me_returns_401_with_invalid_access_token" time="0.073" /><testcase classname="tests.app.user.adapter.input.test_user_api" name="test_get_user_returns_200" time="0.072" /><testcase classname="tests.app.user.adapter.input.test_user_api" name="test_get_user_not_found_returns_404" time="0.073" /><testcase classname="tests.app.user.adapter.input.test_user_api" name="test_update_user_returns_200" time="0.166" /><testcase classname="tests.app.user.adapter.input.test_user_api" name="test_update_user_returns_403_for_non_admin" time="0.074" /><testcase classname="tests.app.user.adapter.input.test_user_api" name="test_delete_user_returns_200" time="0.073" /><testcase classname="tests.app.user.adapter.input.test_user_api" name="test_delete_user_returns_403_for_non_admin" time="0.073" /><testcase classname="tests.app.user.adapter.input.test_user_api" name="test_create_user_duplicate_account_returns_409" time="0.075" /><testcase classname="tests.app.user.adapter.input.test_user_api" name="test_create_user_invalid_input_returns_422[payload0-login_id]" time="0.073" /><testcase classname="tests.app.user.adapter.input.test_user_api" name="test_create_user_invalid_input_returns_422[payload1-organization_id]" time="0.074" /><testcase classname="tests.app.user.adapter.input.test_user_api" name="test_create_user_invalid_input_returns_422[payload2-role]" time="0.076" /><testcase classname="tests.app.user.adapter.input.test_user_api" name="test_create_user_invalid_input_returns_422[payload3-email]" time="0.074" /><testcase classname="tests.app.user.adapter.input.test_user_api" name="test_create_user_invalid_input_returns_422[payload4-name]" time="0.165" /><testcase classname="tests.app.user.adapter.output.persistence.test_user_repository" name="test_save_and_get_user" time="0.139" /><testcase classname="tests.app.user.adapter.output.persistence.test_user_repository" name="test_get_by_id_excludes_deleted_user" time="0.129" /><testcase classname="tests.app.user.adapter.output.persistence.test_user_repository" name="test_list_excludes_deleted_users" time="0.113" /><testcase classname="tests.app.user.adapter.output.persistence.test_user_repository" name="test_list_by_organization_filters_other_organizations" time="0.110" /><testcase classname="tests.app.user.adapter.output.persistence.test_user_repository" name="test_user_table_uses_non_native_enum_values" time="0.043" /><testcase classname="tests.app.user.application.test_user_service" name="test_create_user_success" time="0.001" /><testcase classname="tests.app.user.application.test_user_service" name="test_create_user_duplicate_account" time="0.001" /><testcase classname="tests.app.user.application.test_user_service" name="test_get_user_not_found" time="0.000" /><testcase classname="tests.app.user.application.test_user_service" name="test_get_user_success" time="0.000" /><testcase classname="tests.app.user.application.test_user_service" name="test_list_users_excludes_deleted_users" time="0.001" /><testcase classname="tests.app.user.application.test_user_service" name="test_update_user_success" time="0.001" /><testcase classname="tests.app.user.application.test_user_service" name="test_update_user_duplicate_login_id" time="0.001" /><testcase classname="tests.app.user.application.test_user_service" name="test_update_user_not_found" time="0.000" /><testcase classname="tests.app.user.application.test_user_service" name="test_update_user_updates_email_and_status" time="0.001" /><testcase classname="tests.app.user.application.test_user_service" name="test_update_user_omitted_fields_remain_unchanged" time="0.001" /><testcase classname="tests.app.user.application.test_user_service" name="test_delete_user_soft_delete" time="0.000" /><testcase classname="tests.app.user.application.test_user_service" name="test_delete_user_not_found" time="0.000" /><testcase classname="tests.app.user.domain.test_user_entity" name="test_user_entity_creation" time="0.000" /><testcase classname="tests.app.user.domain.test_user_entity" name="test_user_can_login_only_when_not_deleted_or_blocked" time="0.000" /><testcase classname="tests.app.user.domain.test_user_entity" name="test_user_update_supports_partial_changes_and_explicit_email_clear" time="0.000" /><testcase classname="tests.app.user.domain.test_user_entity" name="test_user_sync_profile_updates_all_profile_fields" time="0.000" /><testcase classname="tests.app.user.domain.test_user_entity" name="test_user_soft_delete" time="0.000" /><testcase classname="tests.core.fastapi.test_authentication" name="test_cookie_auth_backend_returns_none_without_access_cookie" time="0.000" /><testcase classname="tests.core.fastapi.test_authentication" name="test_cookie_auth_backend_authenticates_valid_access_token" time="0.000" /><testcase classname="tests.core.fastapi.test_authentication" name="test_cookie_auth_backend_rejects_refresh_token_cookie" time="0.000" /><testcase classname="tests.core.fastapi.test_authentication" name="test_cookie_auth_backend_rejects_invalid_user_id_payload" time="0.000" /><testcase classname="tests.core.fastapi.test_permission" name="test_get_current_user_sets_request_state_from_repository_user" time="0.001" /><testcase classname="tests.core.fastapi.test_permission" name="test_get_current_user_raises_when_request_user_missing" time="0.000" /><testcase classname="tests.core.fastapi.test_permission" name="test_get_current_user_raises_for_blocked_user" time="0.000" /><testcase classname="tests.core.fastapi.test_permission" name="test_permission_dependency_raises_for_non_admin_user" time="0.000" /><testcase classname="tests.core.fastapi.test_permission" name="test_permission_dependency_allows_professor_for_professor_or_admin" time="0.000" /><testcase classname="tests.core.fastapi.test_permission" name="test_get_user_repository_returns_repository_from_container" time="0.000" /><testcase classname="tests.core.helpers.test_argon2" name="test_hash_password_success" time="0.053" /><testcase classname="tests.core.helpers.test_argon2" name="test_verify_password_failure" time="0.052" /><testcase classname="tests.core.helpers.test_argon2" name="test_hash_empty_string" time="0.052" /><testcase classname="tests.core.helpers.test_argon2" name="test_verify_with_invalid_hash" time="0.000" /><testcase classname="tests.core.helpers.test_token" name="test_create_and_decode_token" time="0.000" /><testcase classname="tests.core.helpers.test_token" name="test_refresh_token_creation_with_minutes" time="0.000" /><testcase classname="tests.core.helpers.test_token" name="test_decode_invalid_token" time="0.000" /><testcase classname="tests.core.test_config_defaults" name="test_media_transcription_is_enabled_by_default_for_supported_media" time="0.001" /></testsuite></testsuites>